Intruder Login 
Intruder Login 
Intruder Login 
Add sales is clicked 
Add sales is clicked 
Add sales is clicked 
Add sales is clicked 
Add sales is clicked 
Add sales is clicked 
Add sales is clicked 
Add sales is clicked 
Add sales is clicked 
Add sales is clicked 
Add sales is clicked 
Add sales is clicked 
Add sales is clicked 
Add sales is clicked 
Add sales is clicked 
Add sales is clicked 
Add sales is clicked 
Add sales is clicked 
Add sales is clicked 
Intruder Login 
Intruder Login 
Intruder Login 
List sales is clicked 
List category is clicked 
List sales is clicked 
Add receipt is clicked 
List sales is clicked 
Add sales is clicked 
Add sales is clicked 
Add receipt is clicked 
List sales is clicked 
List category is clicked 
